#
# There is insufficient memory for the Java Runtime Environment to continue.
# Native memory allocation (mmap) failed to map 134217728 bytes for G1 virtual space
# Possible reasons:
#   The system is out of physical RAM or swap space
#   The process is running with CompressedOops enabled, and the Java Heap may be blocking the growth of the native heap
# Possible solutions:
#   Reduce memory load on the system
#   Increase physical memory or swap space
#   Check if swap backing store is full
#   Decrease Java heap size (-Xmx/-Xms)
#   Decrease number of Java threads
#   Decrease Java thread stack sizes (-Xss)
#   Set larger code cache with -XX:ReservedCodeCacheSize=
#   JVM is running with Unscaled Compressed Oops mode in which the Java heap is
#     placed in the first 4GB address space. The Java Heap base address is the
#     maximum limit for the native heap growth. Please use -XX:HeapBaseMinAddress
#     to set the Java Heap base and to place the Java Heap above 4GB virtual address.
# This output file may be truncated or incomplete.
#
#  Out of Memory Error (os_windows.cpp:3550), pid=29636, tid=22360
#
# JRE version:  (17.0.6+9) (build )
# Java VM: Java HotSpot(TM) 64-Bit Server VM (17.0.6+9-LTS-190, mixed mode, sharing, tiered, compressed oops, compressed class ptrs, g1 gc, windows-amd64)
# No core dump will be written. Minidumps are not enabled by default on client versions of Windows
#

---------------  S U M M A R Y ------------

Command Line: -Dfile.encoding=UTF-8 --module-path=C:\Users\Henrique\eclipse-workspace\cliente\bin -XX:+ShowCodeDetailsInExceptionMessages -Djdk.module.main=cliente cliente/cliente.Cliente

Host: Intel(R) Core(TM) i7-8565U CPU @ 1.80GHz, 8 cores, 7G,  Windows 11 , 64 bit Build 22621 (10.0.22621.1344)
Time: Fri Mar 24 15:53:21 2023 Hora oficial do Brasil elapsed time: 0.016586 seconds (0d 0h 0m 0s)

---------------  T H R E A D  ---------------

Current thread (0x0000016aeff201b0):  JavaThread "Unknown thread" [_thread_in_vm, id=22360, stack(0x000000664dd00000,0x000000664de00000)]

Stack: [0x000000664dd00000,0x000000664de00000]
Native frames: (J=compiled Java code, j=interpreted, Vv=VM code, C=native code)
V  [jvm.dll+0x6734ea]
V  [jvm.dll+0x7d18f4]
V  [jvm.dll+0x7d309e]
V  [jvm.dll+0x7d3703]
V  [jvm.dll+0x2433c5]
V  [jvm.dll+0x6703f9]
V  [jvm.dll+0x664d32]
V  [jvm.dll+0x300086]
V  [jvm.dll+0x307606]
V  [jvm.dll+0x356c1e]
V  [jvm.dll+0x356e4f]
V  [jvm.dll+0x2d72e8]
V  [jvm.dll+0x2d8254]
V  [jvm.dll+0x7a33b1]
V  [jvm.dll+0x3647f1]
V  [jvm.dll+0x782839]
V  [jvm.dll+0x3e757f]
V  [jvm.dll+0x3e9001]
C  [jli.dll+0x5297]
C  [ucrtbase.dll+0x29363]
C  [KERNEL32.DLL+0x126bd]
C  [ntdll.dll+0x5a9f8]


---------------  P R O C E S S  ---------------

Threads class SMR info:
_java_thread_list=0x00007ff88d1ee958, length=0, elements={
}

Java Threads: ( => current thread )

Other Threads:
  0x0000016aeff75580 GCTaskThread "GC Thread#0" [stack: 0x000000664de00000,0x000000664df00000] [id=25416]
  0x0000016aeff87910 ConcurrentGCThread "G1 Main Marker" [stack: 0x000000664df00000,0x000000664e000000] [id=5212]
  0x0000016aeff88220 ConcurrentGCThread "G1 Conc#0" [stack: 0x000000664e000000,0x000000664e100000] [id=8372]

[error occurred during error reporting (printing all threads), id 0xc0000005, EXCEPTION_ACCESS_VIOLATION (0xc0000005) at pc=0x00007ff88ca27f07]

VM state: not at safepoint (not fully initialized)

VM Mutex/Monitor currently owned by a thread:  ([mutex/lock_event])
[0x0000016aeff1ee90] Heap_lock - owner thread: 0x0000016aeff201b0

Heap address: 0x0000000081e00000, size: 2018 MB, Compressed Oops mode: 32-bit

CDS archive(s) mapped at: [0x0000000000000000-0x0000000000000000-0x0000000000000000), size 0, SharedBaseAddress: 0x0000000800000000, ArchiveRelocationMode: 0.
Narrow klass base: 0x0000000000000000, Narrow klass shift: 0, Narrow klass range: 0x0

GC Precious Log:
<Empty>

Heap:
 garbage-first heap   total 0K, used 0K [0x0000000081e00000, 0x0000000100000000)
  region size 1024K, 0 young (0K), 0 survivors (0K)

[error occurred during error reporting (printing heap information), id 0xc0000005, EXCEPTION_ACCESS_VIOLATION (0xc0000005) at pc=0x00007ff88ce0c759]

GC Heap History (0 events):
No events

Deoptimization events (0 events):
No events

Classes unloaded (0 events):
No events

Classes redefined (0 events):
No events

Internal exceptions (0 events):
No events

VM Operations (0 events):
No events

Events (1 events):
Event: 0.010 Loaded shared library C:\Program Files\Java\jdk-17\bin\java.dll


Dynamic libraries:
0x00007ff793a80000 - 0x00007ff793a90000 	C:\Program Files\Java\jdk-17\bin\javaw.exe
0x00007ff8a56f0000 - 0x00007ff8a5904000 	C:\WINDOWS\SYSTEM32\ntdll.dll
0x00007ff8a4290000 - 0x00007ff8a4353000 	C:\WINDOWS\System32\KERNEL32.DLL
0x00007ff8a3090000 - 0x00007ff8a342c000 	C:\WINDOWS\System32\KERNELBASE.dll
0x00007ff8a2bb0000 - 0x00007ff8a2cc1000 	C:\WINDOWS\System32\ucrtbase.dll
0x00007ff88d3d0000 - 0x00007ff88d3eb000 	C:\Program Files\Java\jdk-17\bin\VCRUNTIME140.dll
0x00007ff88d3b0000 - 0x00007ff88d3c8000 	C:\Program Files\Java\jdk-17\bin\jli.dll
0x00007ff8a5240000 - 0x00007ff8a52ee000 	C:\WINDOWS\System32\ADVAPI32.dll
0x00007ff8a3940000 - 0x00007ff8a39e7000 	C:\WINDOWS\System32\msvcrt.dll
0x00007ff8a4b60000 - 0x00007ff8a4c04000 	C:\WINDOWS\System32\sechost.dll
0x00007ff8a3800000 - 0x00007ff8a3915000 	C:\WINDOWS\System32\RPCRT4.dll
0x00007ff8a44a0000 - 0x00007ff8a464d000 	C:\WINDOWS\System32\USER32.dll
0x00007ff86ebb0000 - 0x00007ff86ee3e000 	C:\WINDOWS\WinSxS\amd64_microsoft.windows.common-controls_6595b64144ccf1df_6.0.22621.608_none_a9444ca7c10bb01d\COMCTL32.dll
0x00007ff8a3430000 - 0x00007ff8a3456000 	C:\WINDOWS\System32\win32u.dll
0x00007ff8a46b0000 - 0x00007ff8a46d9000 	C:\WINDOWS\System32\GDI32.dll
0x00007ff8a2f70000 - 0x00007ff8a3083000 	C:\WINDOWS\System32\gdi32full.dll
0x00007ff8a3460000 - 0x00007ff8a34fa000 	C:\WINDOWS\System32\msvcp_win.dll
0x00007ff89b9f0000 - 0x00007ff89b9fa000 	C:\WINDOWS\SYSTEM32\VERSION.dll
0x00007ff8a4460000 - 0x00007ff8a4491000 	C:\WINDOWS\System32\IMM32.DLL
0x00007ff88de50000 - 0x00007ff88de5c000 	C:\Program Files\Java\jdk-17\bin\vcruntime140_1.dll
0x00007ff88d320000 - 0x00007ff88d3ae000 	C:\Program Files\Java\jdk-17\bin\msvcp140.dll
0x00007ff88c740000 - 0x00007ff88d317000 	C:\Program Files\Java\jdk-17\bin\server\jvm.dll
0x00007ff8a3630000 - 0x00007ff8a3638000 	C:\WINDOWS\System32\PSAPI.DLL
0x00007ff8272e0000 - 0x00007ff8272e9000 	C:\WINDOWS\SYSTEM32\WSOCK32.dll
0x00007ff89ba20000 - 0x00007ff89ba54000 	C:\WINDOWS\SYSTEM32\WINMM.dll
0x00007ff8a5480000 - 0x00007ff8a54f1000 	C:\WINDOWS\System32\WS2_32.dll
0x00007ff8a1c30000 - 0x00007ff8a1c48000 	C:\WINDOWS\SYSTEM32\kernel.appcore.dll
0x00007ff88d420000 - 0x00007ff88d42a000 	C:\Program Files\Java\jdk-17\bin\jimage.dll
0x00007ff89da90000 - 0x00007ff89dcbe000 	C:\WINDOWS\SYSTEM32\DBGHELP.DLL
0x00007ff8a46e0000 - 0x00007ff8a4a69000 	C:\WINDOWS\System32\combase.dll
0x00007ff8a3500000 - 0x00007ff8a35d7000 	C:\WINDOWS\System32\OLEAUT32.dll
0x00007ff886ef0000 - 0x00007ff886f22000 	C:\WINDOWS\SYSTEM32\dbgcore.DLL
0x00007ff8a2b30000 - 0x00007ff8a2bab000 	C:\WINDOWS\System32\bcryptPrimitives.dll
0x00007ff88d3f0000 - 0x00007ff88d415000 	C:\Program Files\Java\jdk-17\bin\java.dll

dbghelp: loaded successfully - version: 4.0.5 - missing functions: none
symbol engine: initialized successfully - sym options: 0x614 - pdb path: .;C:\Program Files\Java\jdk-17\bin;C:\WINDOWS\SYSTEM32;C:\WINDOWS\WinSxS\amd64_microsoft.windows.common-controls_6595b64144ccf1df_6.0.22621.608_none_a9444ca7c10bb01d;C:\Program Files\Java\jdk-17\bin\server

VM Arguments:
jvm_args: -Dfile.encoding=UTF-8 --module-path=C:\Users\Henrique\eclipse-workspace\cliente\bin -XX:+ShowCodeDetailsInExceptionMessages -Djdk.module.main=cliente 
java_command: cliente/cliente.Cliente
java_class_path (initial): <not set>
Launcher Type: SUN_STANDARD

[Global flags]
     intx CICompilerCount                          = 4                                         {product} {ergonomic}
     uint ConcGCThreads                            = 2                                         {product} {ergonomic}
     uint G1ConcRefinementThreads                  = 8                                         {product} {ergonomic}
   size_t G1HeapRegionSize                         = 1048576                                   {product} {ergonomic}
    uintx GCDrainStackTargetSize                   = 64                                        {product} {ergonomic}
   size_t InitialHeapSize                          = 134217728                                 {product} {ergonomic}
   size_t MarkStackSize                            = 4194304                                   {product} {ergonomic}
   size_t MaxHeapSize                              = 2116026368                                {product} {ergonomic}
   size_t MinHeapDeltaBytes                        = 1048576                                   {product} {ergonomic}
   size_t MinHeapSize                              = 8388608                                   {product} {ergonomic}
    uintx NonNMethodCodeHeapSize                   = 5839372                                {pd product} {ergonomic}
    uintx NonProfiledCodeHeapSize                  = 122909434                              {pd product} {ergonomic}
    uintx ProfiledCodeHeapSize                     = 122909434                              {pd product} {ergonomic}
    uintx ReservedCodeCacheSize                    = 251658240                              {pd product} {ergonomic}
     bool SegmentedCodeCache                       = true                                      {product} {ergonomic}
     bool ShowCodeDetailsInExceptionMessages       = true                                   {manageable} {command line}
   size_t SoftMaxHeapSize                          = 2116026368                             {manageable} {ergonomic}
     bool UseCompressedClassPointers               = true                           {product lp64_product} {ergonomic}
     bool UseCompressedOops                        = true                           {product lp64_product} {ergonomic}
     bool UseG1GC                                  = true                                      {product} {ergonomic}
     bool UseLargePagesIndividualAllocation        = false                                  {pd product} {ergonomic}

Logging:
Log output configuration:
 #0: stdout all=warning uptime,level,tags
 #1: stderr all=off uptime,level,tags

Environment Variables:
JAVA_HOME=C:\Program Files\Java\jdk-17.06
PATH=C:\Program Files\Common Files\Oracle\Java\javapath;C:\Program Files\Java;C:\Program Files\Microsoft\jdk-11.0.12.7-hotspot\bin;C:\Program Files\Eclipse Foundation\jdk-8.0.302.8-hotspot\bin;C:\Windows\system32;C:\Windows;C:\Windows\System32\Wbem;C:\Windows\System32\WindowsPowerShell\v1.0\;C:\Windows\System32\OpenSSH\;C:\Program Files\dotnet\;C:\Program Files\Microsoft SQL Server\130\Tools\Binn\;C:\Program Files\Microsoft SQL Server\Client SDK\ODBC\170\Tools\Binn\;C:\Program Files (x86)\Microsoft SQL Server\150\Tools\Binn\;C:\Program Files\Microsoft SQL Server\150\Tools\Binn\;C:\Program Files\Microsoft SQL Server\150\DTS\Binn\;C:\Program Files\Docker\Docker\resources\bin;C:\ProgramData\DockerDesktop\version-bin;C:\ProgramData\UNIVALI\Portugol Studio;C:\Program Files\Java\jdk-17.0.6;C:\WINDOWS\system32;C:\WINDOWS;C:\WINDOWS\System32\Wbem;C:\WINDOWS\System32\WindowsPowerShell\v1.0\;C:\WINDOWS\System32\OpenSSH\;C:\Program Files\nodejs\;C:\Program Files\Git\cmd;C:\Users\Henrique\AppData\Local\Microsoft\WindowsApps;C:\Users\Henrique\AppData\Local\Programs\Microsoft VS Code\bin;C:\Users\Henrique\.dotnet\tools;C:\Users\Henrique\AppData\Local\Programs\Azure Data Studio\bin;C:\Users\Henrique\AppData\Local\Programs\Hyper\resources\bin;C:\Users\Henrique\AppData\Local\GitHubDesktop\bin;C:\Users\Henrique\AppData\Roaming\npm
USERNAME=Henrique
OS=Windows_NT
PROCESSOR_IDENTIFIER=Intel64 Family 6 Model 142 Stepping 12, GenuineIntel



---------------  S Y S T E M  ---------------

OS:
 Windows 11 , 64 bit Build 22621 (10.0.22621.1344)
OS uptime: 4 days 2:54 hours
Hyper-V role detected

CPU: total 8 (initial active 8) (4 cores per cpu, 2 threads per core) family 6 model 142 stepping 12 microcode 0xf0, cx8, cmov, fxsr, ht, mmx, 3dnowpref, sse, sse2, sse3, ssse3, sse4.1, sse4.2, popcnt, lzcnt, tsc, tscinvbit, avx, avx2, aes, erms, clmul, bmi1, bmi2, adx, fma, vzeroupper, clflush, clflushopt, hv

Memory: 4k page, system-wide physical 8067M (548M free)
TotalPageFile size 32643M (AvailPageFile size 37M)
current process WorkingSet (physical memory assigned to process): 11M, peak: 11M
current process commit charge ("private bytes"): 60M, peak: 188M

vm_info: Java HotSpot(TM) 64-Bit Server VM (17.0.6+9-LTS-190) for windows-amd64 JRE (17.0.6+9-LTS-190), built on Dec  6 2022 15:53:54 by "mach5one" with MS VC++ 17.1 (VS2022)

END.
